Analysis & Synthesis report for WordShifter
Mon Sep 16 20:30:49 2024
Quartus Prime Version 21.1.0 Build 842 10/21/2021 SJ Lite Edition


---------------------
; Table of Contents ;
---------------------
  1. Legal Notice
  2. Analysis & Synthesis Summary
  3. Analysis & Synthesis Settings
  4. Parallel Compilation
  5. Analysis & Synthesis Source Files Read
  6. Analysis & Synthesis Resource Usage Summary
  7. Analysis & Synthesis Resource Utilization by Entity
  8. User-Specified and Inferred Latches
  9. General Register Statistics
 10. Post-Synthesis Netlist Statistics for Top Partition
 11. Elapsed Time Per Partition
 12. Analysis & Synthesis Messages



----------------
; Legal Notice ;
----------------
Copyright (C) 2021  Intel Corporation. All rights reserved.
Your use of Intel Corporation's design tools, logic functions 
and other software and tools, and any partner logic 
functions, and any output files from any of the foregoing 
(including device programming or simulation files), and any 
associated documentation or information are expressly subject 
to the terms and conditions of the Intel Program License 
Subscription Agreement, the Intel Quartus Prime License Agreement,
the Intel FPGA IP License Agreement, or other applicable license
agreement, including, without limitation, that your use is for
the sole purpose of programming logic devices manufactured by
Intel and sold by Intel or its authorized distributors.  Please
refer to the applicable agreement for further details, at
https://fpgasoftware.intel.com/eula.



+-------------------------------------------------------------------------------+
; Analysis & Synthesis Summary                                                  ;
+---------------------------------+---------------------------------------------+
; Analysis & Synthesis Status     ; Successful - Mon Sep 16 20:30:49 2024       ;
; Quartus Prime Version           ; 21.1.0 Build 842 10/21/2021 SJ Lite Edition ;
; Revision Name                   ; WordShifter                                 ;
; Top-level Entity Name           ; WordShifter                                 ;
; Family                          ; Cyclone V                                   ;
; Logic utilization (in ALMs)     ; N/A                                         ;
; Total registers                 ; 30                                          ;
; Total pins                      ; 44                                          ;
; Total virtual pins              ; 0                                           ;
; Total block memory bits         ; 0                                           ;
; Total DSP Blocks                ; 0                                           ;
; Total HSSI RX PCSs              ; 0                                           ;
; Total HSSI PMA RX Deserializers ; 0                                           ;
; Total HSSI TX PCSs              ; 0                                           ;
; Total HSSI PMA TX Serializers   ; 0                                           ;
; Total PLLs                      ; 0                                           ;
; Total DLLs                      ; 0                                           ;
+---------------------------------+---------------------------------------------+


+---------------------------------------------------------------------------------------------------------------------------+
; Analysis & Synthesis Settings                                                                                             ;
+---------------------------------------------------------------------------------+--------------------+--------------------+
; Option                                                                          ; Setting            ; Default Value      ;
+---------------------------------------------------------------------------------+--------------------+--------------------+
; Device                                                                          ; 5CEBA4F23C7        ;                    ;
; Top-level entity name                                                           ; WordShifter        ; WordShifter        ;
; Family name                                                                     ; Cyclone V          ; Cyclone V          ;
; Use smart compilation                                                           ; Off                ; Off                ;
; Enable parallel Assembler and Timing Analyzer during compilation                ; On                 ; On                 ;
; Enable compact report table                                                     ; Off                ; Off                ;
; Restructure Multiplexers                                                        ; Auto               ; Auto               ;
; MLAB Add Timing Constraints For Mixed-Port Feed-Through Mode Setting Don't Care ; Off                ; Off                ;
; Create Debugging Nodes for IP Cores                                             ; Off                ; Off                ;
; Preserve fewer node names                                                       ; On                 ; On                 ;
; Intel FPGA IP Evaluation Mode                                                   ; Enable             ; Enable             ;
; Verilog Version                                                                 ; Verilog_2001       ; Verilog_2001       ;
; VHDL Version                                                                    ; VHDL_1993          ; VHDL_1993          ;
; State Machine Processing                                                        ; Auto               ; Auto               ;
; Safe State Machine                                                              ; Off                ; Off                ;
; Extract Verilog State Machines                                                  ; On                 ; On                 ;
; Extract VHDL State Machines                                                     ; On                 ; On                 ;
; Ignore Verilog initial constructs                                               ; Off                ; Off                ;
; Iteration limit for constant Verilog loops                                      ; 5000               ; 5000               ;
; Iteration limit for non-constant Verilog loops                                  ; 250                ; 250                ;
; Add Pass-Through Logic to Inferred RAMs                                         ; On                 ; On                 ;
; Infer RAMs from Raw Logic                                                       ; On                 ; On                 ;
; Parallel Synthesis                                                              ; On                 ; On                 ;
; DSP Block Balancing                                                             ; Auto               ; Auto               ;
; NOT Gate Push-Back                                                              ; On                 ; On                 ;
; Power-Up Don't Care                                                             ; On                 ; On                 ;
; Remove Redundant Logic Cells                                                    ; Off                ; Off                ;
; Remove Duplicate Registers                                                      ; On                 ; On                 ;
; Ignore CARRY Buffers                                                            ; Off                ; Off                ;
; Ignore CASCADE Buffers                                                          ; Off                ; Off                ;
; Ignore GLOBAL Buffers                                                           ; Off                ; Off                ;
; Ignore ROW GLOBAL Buffers                                                       ; Off                ; Off                ;
; Ignore LCELL Buffers                                                            ; Off                ; Off                ;
; Ignore SOFT Buffers                                                             ; On                 ; On                 ;
; Limit AHDL Integers to 32 Bits                                                  ; Off                ; Off                ;
; Optimization Technique                                                          ; Balanced           ; Balanced           ;
; Carry Chain Length                                                              ; 70                 ; 70                 ;
; Auto Carry Chains                                                               ; On                 ; On                 ;
; Auto Open-Drain Pins                                                            ; On                 ; On                 ;
; Perform WYSIWYG Primitive Resynthesis                                           ; Off                ; Off                ;
; Auto ROM Replacement                                                            ; On                 ; On                 ;
; Auto RAM Replacement                                                            ; On                 ; On                 ;
; Auto DSP Block Replacement                                                      ; On                 ; On                 ;
; Auto Shift Register Replacement                                                 ; Auto               ; Auto               ;
; Allow Shift Register Merging across Hierarchies                                 ; Auto               ; Auto               ;
; Auto Clock Enable Replacement                                                   ; On                 ; On                 ;
; Strict RAM Replacement                                                          ; Off                ; Off                ;
; Allow Synchronous Control Signals                                               ; On                 ; On                 ;
; Force Use of Synchronous Clear Signals                                          ; Off                ; Off                ;
; Auto Resource Sharing                                                           ; Off                ; Off                ;
; Allow Any RAM Size For Recognition                                              ; Off                ; Off                ;
; Allow Any ROM Size For Recognition                                              ; Off                ; Off                ;
; Allow Any Shift Register Size For Recognition                                   ; Off                ; Off                ;
; Use LogicLock Constraints during Resource Balancing                             ; On                 ; On                 ;
; Ignore translate_off and synthesis_off directives                               ; Off                ; Off                ;
; Timing-Driven Synthesis                                                         ; On                 ; On                 ;
; Report Parameter Settings                                                       ; On                 ; On                 ;
; Report Source Assignments                                                       ; On                 ; On                 ;
; Report Connectivity Checks                                                      ; On                 ; On                 ;
; Ignore Maximum Fan-Out Assignments                                              ; Off                ; Off                ;
; Synchronization Register Chain Length                                           ; 3                  ; 3                  ;
; Power Optimization During Synthesis                                             ; Normal compilation ; Normal compilation ;
; HDL message level                                                               ; Level2             ; Level2             ;
; Suppress Register Optimization Related Messages                                 ; Off                ; Off                ;
; Number of Removed Registers Reported in Synthesis Report                        ; 5000               ; 5000               ;
; Number of Swept Nodes Reported in Synthesis Report                              ; 5000               ; 5000               ;
; Number of Inverted Registers Reported in Synthesis Report                       ; 100                ; 100                ;
; Clock MUX Protection                                                            ; On                 ; On                 ;
; Auto Gated Clock Conversion                                                     ; Off                ; Off                ;
; Block Design Naming                                                             ; Auto               ; Auto               ;
; SDC constraint protection                                                       ; Off                ; Off                ;
; Synthesis Effort                                                                ; Auto               ; Auto               ;
; Shift Register Replacement - Allow Asynchronous Clear Signal                    ; On                 ; On                 ;
; Pre-Mapping Resynthesis Optimization                                            ; Off                ; Off                ;
; Analysis & Synthesis Message Level                                              ; Medium             ; Medium             ;
; Disable Register Merging Across Hierarchies                                     ; Auto               ; Auto               ;
; Resource Aware Inference For Block RAM                                          ; On                 ; On                 ;
; Automatic Parallel Synthesis                                                    ; On                 ; On                 ;
; Partial Reconfiguration Bitstream ID                                            ; Off                ; Off                ;
+---------------------------------------------------------------------------------+--------------------+--------------------+


+------------------------------------------+
; Parallel Compilation                     ;
+----------------------------+-------------+
; Processors                 ; Number      ;
+----------------------------+-------------+
; Number detected on machine ; 4           ;
; Maximum allowed            ; 4           ;
;                            ;             ;
; Average used               ; 1.00        ;
; Maximum used               ; 4           ;
;                            ;             ;
; Usage by Processor         ; % Time Used ;
;     Processor 1            ; 100.0%      ;
;     Processors 2-4         ;   0.0%      ;
+----------------------------+-------------+


+------------------------------------------------------------------------------------------------------------------------------------------+
; Analysis & Synthesis Source Files Read                                                                                                   ;
+----------------------------------+-----------------+-----------------+---------------------------------------------------------+---------+
; File Name with User-Entered Path ; Used in Netlist ; File Type       ; File Name with Absolute Path                            ; Library ;
+----------------------------------+-----------------+-----------------+---------------------------------------------------------+---------+
; WordShifter.vhd                  ; yes             ; User VHDL File  ; C:/Users/15447326/Desktop/Aula4/Parte05/WordShifter.vhd ;         ;
+----------------------------------+-----------------+-----------------+---------------------------------------------------------+---------+


+---------------------------------------------------------+
; Analysis & Synthesis Resource Usage Summary             ;
+---------------------------------------------+-----------+
; Resource                                    ; Usage     ;
+---------------------------------------------+-----------+
; Estimate of Logic utilization (ALMs needed) ; 32        ;
;                                             ;           ;
; Combinational ALUT usage for logic          ; 59        ;
;     -- 7 input functions                    ; 0         ;
;     -- 6 input functions                    ; 5         ;
;     -- 5 input functions                    ; 0         ;
;     -- 4 input functions                    ; 0         ;
;     -- <=3 input functions                  ; 54        ;
;                                             ;           ;
; Dedicated logic registers                   ; 30        ;
;                                             ;           ;
; I/O pins                                    ; 44        ;
;                                             ;           ;
; Total DSP Blocks                            ; 0         ;
;                                             ;           ;
; Maximum fan-out node                        ; clk~input ;
; Maximum fan-out                             ; 30        ;
; Total fan-out                               ; 361       ;
; Average fan-out                             ; 2.04      ;
+---------------------------------------------+-----------+


+----------------------------------------------------------------------------------------------------------------------------------------------------------------------------------------+
; Analysis & Synthesis Resource Utilization by Entity                                                                                                                                    ;
+----------------------------+---------------------+---------------------------+-------------------+------------+------+--------------+---------------------+-------------+--------------+
; Compilation Hierarchy Node ; Combinational ALUTs ; Dedicated Logic Registers ; Block Memory Bits ; DSP Blocks ; Pins ; Virtual Pins ; Full Hierarchy Name ; Entity Name ; Library Name ;
+----------------------------+---------------------+---------------------------+-------------------+------------+------+--------------+---------------------+-------------+--------------+
; |WordShifter               ; 59 (59)             ; 30 (30)                   ; 0                 ; 0          ; 44   ; 0            ; |WordShifter        ; WordShifter ; work         ;
+----------------------------+---------------------+---------------------------+-------------------+------------+------+--------------+---------------------+-------------+--------------+
Note: For table entries with two numbers listed, the numbers in parentheses indicate the number of resources of the given type used by the specific entity alone. The numbers listed outside of parentheses indicate the total resources of the given type used by the specific entity and all of its sub-entities in the hierarchy.


+----------------------------------------------------------------------------------------------------+
; User-Specified and Inferred Latches                                                                ;
+-----------------------------------------------------+---------------------+------------------------+
; Latch Name                                          ; Latch Enable Signal ; Free of Timing Hazards ;
+-----------------------------------------------------+---------------------+------------------------+
; HEX5[0]$latch                                       ; Mux30               ; yes                    ;
; HEX5[1]$latch                                       ; Mux30               ; yes                    ;
; HEX5[2]$latch                                       ; Mux30               ; yes                    ;
; HEX5[3]$latch                                       ; Mux30               ; yes                    ;
; HEX5[4]$latch                                       ; Mux30               ; yes                    ;
; HEX5[5]$latch                                       ; Mux30               ; yes                    ;
; HEX5[6]$latch                                       ; Mux30               ; yes                    ;
; HEX4[0]$latch                                       ; Mux30               ; yes                    ;
; HEX4[1]$latch                                       ; Mux30               ; yes                    ;
; HEX4[2]$latch                                       ; Mux30               ; yes                    ;
; HEX4[3]$latch                                       ; Mux30               ; yes                    ;
; HEX4[4]$latch                                       ; Mux30               ; yes                    ;
; HEX4[5]$latch                                       ; Mux30               ; yes                    ;
; HEX4[6]$latch                                       ; Mux30               ; yes                    ;
; HEX3[0]$latch                                       ; Mux30               ; yes                    ;
; HEX3[1]$latch                                       ; Mux30               ; yes                    ;
; HEX3[2]$latch                                       ; Mux30               ; yes                    ;
; HEX3[3]$latch                                       ; Mux30               ; yes                    ;
; HEX3[4]$latch                                       ; Mux30               ; yes                    ;
; HEX3[5]$latch                                       ; Mux30               ; yes                    ;
; HEX3[6]$latch                                       ; Mux30               ; yes                    ;
; Number of user-specified and inferred latches = 21  ;                     ;                        ;
+-----------------------------------------------------+---------------------+------------------------+
Note: All latches listed above may not be present at the end of synthesis due to various synthesis optimizations.


+------------------------------------------------------+
; General Register Statistics                          ;
+----------------------------------------------+-------+
; Statistic                                    ; Value ;
+----------------------------------------------+-------+
; Total registers                              ; 30    ;
; Number of registers using Synchronous Clear  ; 26    ;
; Number of registers using Synchronous Load   ; 0     ;
; Number of registers using Asynchronous Clear ; 30    ;
; Number of registers using Asynchronous Load  ; 0     ;
; Number of registers using Clock Enable       ; 3     ;
; Number of registers using Preset             ; 0     ;
+----------------------------------------------+-------+


+-----------------------------------------------------+
; Post-Synthesis Netlist Statistics for Top Partition ;
+-----------------------+-----------------------------+
; Type                  ; Count                       ;
+-----------------------+-----------------------------+
; arriav_ff             ; 30                          ;
;     CLR               ; 1                           ;
;     CLR SCLR          ; 26                          ;
;     ENA CLR           ; 3                           ;
; arriav_lcell_comb     ; 61                          ;
;     arith             ; 26                          ;
;         1 data inputs ; 26                          ;
;     normal            ; 35                          ;
;         1 data inputs ; 3                           ;
;         2 data inputs ; 7                           ;
;         3 data inputs ; 20                          ;
;         6 data inputs ; 5                           ;
; boundary_port         ; 44                          ;
;                       ;                             ;
; Max LUT depth         ; 3.50                        ;
; Average LUT depth     ; 2.26                        ;
+-----------------------+-----------------------------+


+-------------------------------+
; Elapsed Time Per Partition    ;
+----------------+--------------+
; Partition Name ; Elapsed Time ;
+----------------+--------------+
; Top            ; 00:00:00     ;
+----------------+--------------+


+-------------------------------+
; Analysis & Synthesis Messages ;
+-------------------------------+
Info: *******************************************************************
Info: Running Quartus Prime Analysis & Synthesis
    Info: Version 21.1.0 Build 842 10/21/2021 SJ Lite Edition
    Info: Processing started: Mon Sep 16 20:30:40 2024
Info: Command: quartus_map --read_settings_files=on --write_settings_files=off WordShifter -c WordShifter
Warning (18236): Number of processors has not been specified which may cause overloading on shared machines.  Set the global assignment NUM_PARALLEL_PROCESSORS in your QSF to an appropriate value for best performance.
Info (20030): Parallel compilation is enabled and will use 4 of the 4 processors detected
Info (12021): Found 2 design units, including 1 entities, in source file wordshifter.vhd
    Info (12022): Found design unit 1: WordShifter-Behavioral File: C:/Users/15447326/Desktop/Aula4/Parte05/WordShifter.vhd Line: 18
    Info (12023): Found entity 1: WordShifter File: C:/Users/15447326/Desktop/Aula4/Parte05/WordShifter.vhd Line: 5
Info (12127): Elaborating entity "WordShifter" for the top level hierarchy
Warning (10631): VHDL Process Statement warning at WordShifter.vhd(77): inferring latch(es) for signal or variable "HEX5", which holds its previous value in one or more paths through the process File: C:/Users/15447326/Desktop/Aula4/Parte05/WordShifter.vhd Line: 77
Warning (10631): VHDL Process Statement warning at WordShifter.vhd(77): inferring latch(es) for signal or variable "HEX4", which holds its previous value in one or more paths through the process File: C:/Users/15447326/Desktop/Aula4/Parte05/WordShifter.vhd Line: 77
Warning (10631): VHDL Process Statement warning at WordShifter.vhd(77): inferring latch(es) for signal or variable "HEX3", which holds its previous value in one or more paths through the process File: C:/Users/15447326/Desktop/Aula4/Parte05/WordShifter.vhd Line: 77
Info (10041): Inferred latch for "HEX3[0]" at WordShifter.vhd(77) File: C:/Users/15447326/Desktop/Aula4/Parte05/WordShifter.vhd Line: 77
Info (10041): Inferred latch for "HEX3[1]" at WordShifter.vhd(77) File: C:/Users/15447326/Desktop/Aula4/Parte05/WordShifter.vhd Line: 77
Info (10041): Inferred latch for "HEX3[2]" at WordShifter.vhd(77) File: C:/Users/15447326/Desktop/Aula4/Parte05/WordShifter.vhd Line: 77
Info (10041): Inferred latch for "HEX3[3]" at WordShifter.vhd(77) File: C:/Users/15447326/Desktop/Aula4/Parte05/WordShifter.vhd Line: 77
Info (10041): Inferred latch for "HEX3[4]" at WordShifter.vhd(77) File: C:/Users/15447326/Desktop/Aula4/Parte05/WordShifter.vhd Line: 77
Info (10041): Inferred latch for "HEX3[5]" at WordShifter.vhd(77) File: C:/Users/15447326/Desktop/Aula4/Parte05/WordShifter.vhd Line: 77
Info (10041): Inferred latch for "HEX3[6]" at WordShifter.vhd(77) File: C:/Users/15447326/Desktop/Aula4/Parte05/WordShifter.vhd Line: 77
Info (10041): Inferred latch for "HEX4[0]" at WordShifter.vhd(77) File: C:/Users/15447326/Desktop/Aula4/Parte05/WordShifter.vhd Line: 77
Info (10041): Inferred latch for "HEX4[1]" at WordShifter.vhd(77) File: C:/Users/15447326/Desktop/Aula4/Parte05/WordShifter.vhd Line: 77
Info (10041): Inferred latch for "HEX4[2]" at WordShifter.vhd(77) File: C:/Users/15447326/Desktop/Aula4/Parte05/WordShifter.vhd Line: 77
Info (10041): Inferred latch for "HEX4[3]" at WordShifter.vhd(77) File: C:/Users/15447326/Desktop/Aula4/Parte05/WordShifter.vhd Line: 77
Info (10041): Inferred latch for "HEX4[4]" at WordShifter.vhd(77) File: C:/Users/15447326/Desktop/Aula4/Parte05/WordShifter.vhd Line: 77
Info (10041): Inferred latch for "HEX4[5]" at WordShifter.vhd(77) File: C:/Users/15447326/Desktop/Aula4/Parte05/WordShifter.vhd Line: 77
Info (10041): Inferred latch for "HEX4[6]" at WordShifter.vhd(77) File: C:/Users/15447326/Desktop/Aula4/Parte05/WordShifter.vhd Line: 77
Info (10041): Inferred latch for "HEX5[0]" at WordShifter.vhd(77) File: C:/Users/15447326/Desktop/Aula4/Parte05/WordShifter.vhd Line: 77
Info (10041): Inferred latch for "HEX5[1]" at WordShifter.vhd(77) File: C:/Users/15447326/Desktop/Aula4/Parte05/WordShifter.vhd Line: 77
Info (10041): Inferred latch for "HEX5[2]" at WordShifter.vhd(77) File: C:/Users/15447326/Desktop/Aula4/Parte05/WordShifter.vhd Line: 77
Info (10041): Inferred latch for "HEX5[3]" at WordShifter.vhd(77) File: C:/Users/15447326/Desktop/Aula4/Parte05/WordShifter.vhd Line: 77
Info (10041): Inferred latch for "HEX5[4]" at WordShifter.vhd(77) File: C:/Users/15447326/Desktop/Aula4/Parte05/WordShifter.vhd Line: 77
Info (10041): Inferred latch for "HEX5[5]" at WordShifter.vhd(77) File: C:/Users/15447326/Desktop/Aula4/Parte05/WordShifter.vhd Line: 77
Info (10041): Inferred latch for "HEX5[6]" at WordShifter.vhd(77) File: C:/Users/15447326/Desktop/Aula4/Parte05/WordShifter.vhd Line: 77
Info (13025): Duplicate LATCH primitives merged into single LATCH primitive
    Info (13026): Duplicate LATCH primitive "HEX5[5]$latch" merged with LATCH primitive "HEX5[0]$latch" File: C:/Users/15447326/Desktop/Aula4/Parte05/WordShifter.vhd Line: 77
    Info (13026): Duplicate LATCH primitive "HEX5[2]$latch" merged with LATCH primitive "HEX5[1]$latch" File: C:/Users/15447326/Desktop/Aula4/Parte05/WordShifter.vhd Line: 77
    Info (13026): Duplicate LATCH primitive "HEX5[4]$latch" merged with LATCH primitive "HEX5[3]$latch" File: C:/Users/15447326/Desktop/Aula4/Parte05/WordShifter.vhd Line: 77
    Info (13026): Duplicate LATCH primitive "HEX4[5]$latch" merged with LATCH primitive "HEX5[6]$latch" File: C:/Users/15447326/Desktop/Aula4/Parte05/WordShifter.vhd Line: 77
    Info (13026): Duplicate LATCH primitive "HEX4[0]$latch" merged with LATCH primitive "HEX5[6]$latch" File: C:/Users/15447326/Desktop/Aula4/Parte05/WordShifter.vhd Line: 77
    Info (13026): Duplicate LATCH primitive "HEX4[2]$latch" merged with LATCH primitive "HEX4[1]$latch" File: C:/Users/15447326/Desktop/Aula4/Parte05/WordShifter.vhd Line: 77
    Info (13026): Duplicate LATCH primitive "HEX4[4]$latch" merged with LATCH primitive "HEX4[3]$latch" File: C:/Users/15447326/Desktop/Aula4/Parte05/WordShifter.vhd Line: 77
    Info (13026): Duplicate LATCH primitive "HEX3[5]$latch" merged with LATCH primitive "HEX4[6]$latch" File: C:/Users/15447326/Desktop/Aula4/Parte05/WordShifter.vhd Line: 77
    Info (13026): Duplicate LATCH primitive "HEX3[0]$latch" merged with LATCH primitive "HEX4[6]$latch" File: C:/Users/15447326/Desktop/Aula4/Parte05/WordShifter.vhd Line: 77
    Info (13026): Duplicate LATCH primitive "HEX3[2]$latch" merged with LATCH primitive "HEX3[1]$latch" File: C:/Users/15447326/Desktop/Aula4/Parte05/WordShifter.vhd Line: 77
    Info (13026): Duplicate LATCH primitive "HEX3[4]$latch" merged with LATCH primitive "HEX3[3]$latch" File: C:/Users/15447326/Desktop/Aula4/Parte05/WordShifter.vhd Line: 77
Warning (13012): Latch HEX5[0]$latch has unsafe behavior File: C:/Users/15447326/Desktop/Aula4/Parte05/WordShifter.vhd Line: 77
    Warning (13013): Ports D and ENA on the latch are fed by the same signal rotation_counter[2] File: C:/Users/15447326/Desktop/Aula4/Parte05/WordShifter.vhd Line: 62
Warning (13012): Latch HEX5[1]$latch has unsafe behavior File: C:/Users/15447326/Desktop/Aula4/Parte05/WordShifter.vhd Line: 77
    Warning (13013): Ports D and ENA on the latch are fed by the same signal rotation_counter[2] File: C:/Users/15447326/Desktop/Aula4/Parte05/WordShifter.vhd Line: 62
Warning (13012): Latch HEX5[3]$latch has unsafe behavior File: C:/Users/15447326/Desktop/Aula4/Parte05/WordShifter.vhd Line: 77
    Warning (13013): Ports D and ENA on the latch are fed by the same signal rotation_counter[2] File: C:/Users/15447326/Desktop/Aula4/Parte05/WordShifter.vhd Line: 62
Warning (13012): Latch HEX5[6]$latch has unsafe behavior File: C:/Users/15447326/Desktop/Aula4/Parte05/WordShifter.vhd Line: 77
    Warning (13013): Ports D and ENA on the latch are fed by the same signal rotation_counter[2] File: C:/Users/15447326/Desktop/Aula4/Parte05/WordShifter.vhd Line: 62
Warning (13012): Latch HEX4[1]$latch has unsafe behavior File: C:/Users/15447326/Desktop/Aula4/Parte05/WordShifter.vhd Line: 77
    Warning (13013): Ports D and ENA on the latch are fed by the same signal rotation_counter[2] File: C:/Users/15447326/Desktop/Aula4/Parte05/WordShifter.vhd Line: 62
Warning (13012): Latch HEX4[3]$latch has unsafe behavior File: C:/Users/15447326/Desktop/Aula4/Parte05/WordShifter.vhd Line: 77
    Warning (13013): Ports D and ENA on the latch are fed by the same signal rotation_counter[1] File: C:/Users/15447326/Desktop/Aula4/Parte05/WordShifter.vhd Line: 62
Warning (13012): Latch HEX4[6]$latch has unsafe behavior File: C:/Users/15447326/Desktop/Aula4/Parte05/WordShifter.vhd Line: 77
    Warning (13013): Ports D and ENA on the latch are fed by the same signal rotation_counter[1] File: C:/Users/15447326/Desktop/Aula4/Parte05/WordShifter.vhd Line: 62
Warning (13012): Latch HEX3[1]$latch has unsafe behavior File: C:/Users/15447326/Desktop/Aula4/Parte05/WordShifter.vhd Line: 77
    Warning (13013): Ports D and ENA on the latch are fed by the same signal rotation_counter[2] File: C:/Users/15447326/Desktop/Aula4/Parte05/WordShifter.vhd Line: 62
Warning (13012): Latch HEX3[3]$latch has unsafe behavior File: C:/Users/15447326/Desktop/Aula4/Parte05/WordShifter.vhd Line: 77
    Warning (13013): Ports D and ENA on the latch are fed by the same signal rotation_counter[1] File: C:/Users/15447326/Desktop/Aula4/Parte05/WordShifter.vhd Line: 62
Warning (13012): Latch HEX3[6]$latch has unsafe behavior File: C:/Users/15447326/Desktop/Aula4/Parte05/WordShifter.vhd Line: 77
    Warning (13013): Ports D and ENA on the latch are fed by the same signal rotation_counter[2] File: C:/Users/15447326/Desktop/Aula4/Parte05/WordShifter.vhd Line: 62
Info (286030): Timing-Driven Synthesis is running
Info (16010): Generating hard_block partition "hard_block:auto_generated_inst"
    Info (16011): Adding 0 node(s), including 0 DDIO, 0 PLL, 0 transceiver and 0 LCELL
Info (21057): Implemented 104 device resources after synthesis - the final resource count might be different
    Info (21058): Implemented 2 input pins
    Info (21059): Implemented 42 output pins
    Info (21061): Implemented 60 logic cells
Info: Quartus Prime Analysis & Synthesis was successful. 0 errors, 24 warnings
    Info: Peak virtual memory: 4871 megabytes
    Info: Processing ended: Mon Sep 16 20:30:49 2024
    Info: Elapsed time: 00:00:09
    Info: Total CPU time (on all processors): 00:00:18


